[debug] > Exec(early(addDefaultCommands), None, None)
[debug] > Exec(addDefaultCommands, None, None)
[debug] > Exec(early(initialize), None, None)
[debug] > Exec(initialize, None, None)
[debug] > Exec(boot, None, None)
[debug] > Exec(writeSbtVersion, None, None)
[debug] > Exec(reload, None, None)
[debug] > Exec(sbtStashOnFailure, None, None)
[debug] > Exec(onFailure loadFailed, None, None)
[debug] > Exec(loadp, None, None)
[info] welcome to sbt 1.4.6 (Oracle Corporation Java 15.0.1)
[debug]       Load.loadUnit: plugins took 66.681421ms
[debug]       Load.loadUnit: defsScala took 0.239457ms
[debug] [Loading] Scanning directory /Users/ishantiwari/.sbt/1.0/plugins
[debug] [Loading] Found non-root projects 
[debug] [Loading] Done in /Users/ishantiwari/.sbt/1.0/plugins, returning: ()
[debug] deducing auto plugins based on known facts Set(Atom(sbt.plugins.CorePlugin)) and clauses Clauses(List(Clause(Atom(sbt.plugins.JvmPlugin),Set(Atom(sbt.plugins.IvyPlugin))), Clause(Atom(sbt.ScriptedPlugin),Set(Atom(sbt.plugins.JvmPlugin))), Clause(Atom(sbt.plugins.SbtPlugin),Set(Atom(sbt.ScriptedPlugin))), Clause(Atom(sbt.plugins.SemanticdbPlugin),Set(Atom(sbt.plugins.JvmPlugin))), Clause(Atom(sbt.plugins.JUnitXmlReportPlugin),Set(Atom(sbt.plugins.JvmPlugin))), Clause(Atom(sbt.plugins.MiniDependencyTreePlugin),Set(Atom(sbt.plugins.JvmPlugin))), Clause(Atom(sbt.plugins.CorePlugin),Set(Atom(sbt.plugins.IvyPlugin))), Clause(Atom(sbt.plugins.IvyPlugin),Set(Atom(sbt.plugins.JvmPlugin))), Clause(Atom(sbt.plugins.JvmPlugin),Set(Atom(sbt.plugins.SemanticdbPlugin))), Clause(Atom(sbt.plugins.JvmPlugin),Set(Atom(sbt.plugins.JUnitXmlReportPlugin))), Clause(Atom(sbt.plugins.CorePlugin),Set(Atom(sbt.plugins.Giter8TemplatePlugin))), Clause(Atom(sbt.plugins.JvmPlugin),Set(Atom(sbt.plugins.MiniDependencyTreePlugin)))))
[debug]   :: deduced result: Matched(sbt.plugins.CorePlugin,sbt.plugins.Giter8TemplatePlugin,sbt.plugins.IvyPlugin,sbt.plugins.JvmPlugin,sbt.plugins.MiniDependencyTreePlugin,sbt.plugins.JUnitXmlReportPlugin,sbt.plugins.SemanticdbPlugin)
[debug] Plugins.deducer#function took 16.048426 ms
[debug]           Load.resolveProject(global-plugins) took 30.827554ms
[debug]         Load.loadTransitive: finalizeProject(Project(id global-plugins, base: /Users/ishantiwari/.sbt/1.0/plugins, plugins: List(<none>))) took 65.636826ms
[debug] [Loading] Done in /Users/ishantiwari/.sbt/1.0/plugins, returning: (global-plugins)
[debug]       Load.loadUnit: loadedProjectsRaw took 86.191268ms
[debug]       Load.loadUnit: cleanEvalClasses took 0.176404ms
[debug]     Load.loadUnit(file:/Users/ishantiwari/.sbt/1.0/plugins/, ...) took 160.006037ms
[debug]   Load.apply: load took 5494.20714ms
[debug]   Load.apply: resolveProjects took 4.639639ms
[debug]   Load.apply: finalTransforms took 57.983939ms
[debug]   Load.apply: config.delegates took 5.091012ms
[debug]   Load.apply: Def.make(settings)... took 235.508926ms
[debug]   Load.apply: structureIndex took 72.94191ms
[debug]   Load.apply: mkStreams took 1.020305ms
[info] loading global plugins from /Users/ishantiwari/.sbt/1.0/plugins
[debug] Running task... Cancel: Signal, check cycles: false, forcegc: true
[debug] Load.defaultLoad until apply took 6897.040564ms
[debug]           Load.loadUnit: plugins took 14.033983ms
[debug]           Load.loadUnit: defsScala took 0.00366ms
[debug] [Loading] Scanning directory /Users/ishantiwari/IdeaProjects/JobSeg/project
[debug] [Loading] Found non-root projects 
[debug] [Loading] Done in /Users/ishantiwari/IdeaProjects/JobSeg/project, returning: ()
[debug] deducing auto plugins based on known facts Set(Atom(sbt.plugins.CorePlugin)) and clauses Clauses(List(Clause(Atom(sbt.plugins.JvmPlugin),Set(Atom(sbt.plugins.IvyPlugin))), Clause(Atom(sbt.ScriptedPlugin),Set(Atom(sbt.plugins.JvmPlugin))), Clause(Atom(sbt.plugins.SbtPlugin),Set(Atom(sbt.ScriptedPlugin))), Clause(Atom(sbt.plugins.SemanticdbPlugin),Set(Atom(sbt.plugins.JvmPlugin))), Clause(Atom(sbt.plugins.JUnitXmlReportPlugin),Set(Atom(sbt.plugins.JvmPlugin))), Clause(Atom(sbt.plugins.MiniDependencyTreePlugin),Set(Atom(sbt.plugins.JvmPlugin))), Clause(Atom(sbt.plugins.CorePlugin),Set(Atom(sbt.plugins.IvyPlugin))), Clause(Atom(sbt.plugins.IvyPlugin),Set(Atom(sbt.plugins.JvmPlugin))), Clause(Atom(sbt.plugins.JvmPlugin),Set(Atom(sbt.plugins.SemanticdbPlugin))), Clause(Atom(sbt.plugins.JvmPlugin),Set(Atom(sbt.plugins.JUnitXmlReportPlugin))), Clause(Atom(sbt.plugins.CorePlugin),Set(Atom(sbt.plugins.Giter8TemplatePlugin))), Clause(Atom(sbt.plugins.JvmPlugin),Set(Atom(sbt.plugins.MiniDependencyTreePlugin)))))
[debug]   :: deduced result: Matched(sbt.plugins.CorePlugin,sbt.plugins.Giter8TemplatePlugin,sbt.plugins.IvyPlugin,sbt.plugins.JvmPlugin,sbt.plugins.MiniDependencyTreePlugin,sbt.plugins.JUnitXmlReportPlugin,sbt.plugins.SemanticdbPlugin)
[debug] Plugins.deducer#function took 1.578468 ms
[debug]               Load.resolveProject(jobseg-build) took 4.264069ms
[debug]             Load.loadTransitive: finalizeProject(Project(id jobseg-build, base: /Users/ishantiwari/IdeaProjects/JobSeg/project, plugins: List(<none>))) took 6.302867ms
[debug] [Loading] Done in /Users/ishantiwari/IdeaProjects/JobSeg/project, returning: (jobseg-build)
[debug]           Load.loadUnit: loadedProjectsRaw took 7.712341ms
[debug]           Load.loadUnit: cleanEvalClasses took 0.012403ms
[debug]         Load.loadUnit(file:/Users/ishantiwari/IdeaProjects/JobSeg/project/, ...) took 22.282156ms
[debug]       Load.apply: load took 23.213108ms
[debug]       Load.apply: resolveProjects took 0.081585ms
[debug]       Load.apply: finalTransforms took 9.966725ms
[debug]       Load.apply: config.delegates took 0.389223ms
[debug]       Load.apply: Def.make(settings)... took 59.780513ms
[debug]       Load.apply: structureIndex took 24.046187ms
[debug]       Load.apply: mkStreams took 0.004043ms
[info] loading project definition from /Users/ishantiwari/IdeaProjects/JobSeg/project
[debug] Running task... Cancel: Signal, check cycles: false, forcegc: true
[debug]     Load.loadUnit: plugins took 221.136981ms
[debug]     Load.loadUnit: defsScala took 0.003325ms
[debug] [Loading] Scanning directory /Users/ishantiwari/IdeaProjects/JobSeg
[debug]       Load.loadUnit: mkEval took 4.356296ms
[debug] [Loading] Found non-root projects 
[debug] [Loading] Done in /Users/ishantiwari/IdeaProjects/JobSeg, returning: ()
[debug] deducing auto plugins based on known facts Set(Atom(sbt.plugins.CorePlugin)) and clauses Clauses(List(Clause(Atom(sbt.plugins.JvmPlugin),Set(Atom(sbt.plugins.IvyPlugin))), Clause(Atom(sbt.ScriptedPlugin),Set(Atom(sbt.plugins.JvmPlugin))), Clause(Atom(sbt.plugins.SbtPlugin),Set(Atom(sbt.ScriptedPlugin))), Clause(Atom(sbt.plugins.SemanticdbPlugin),Set(Atom(sbt.plugins.JvmPlugin))), Clause(Atom(sbt.plugins.JUnitXmlReportPlugin),Set(Atom(sbt.plugins.JvmPlugin))), Clause(Atom(sbt.plugins.MiniDependencyTreePlugin),Set(Atom(sbt.plugins.JvmPlugin))), Clause(Atom(sbt.plugins.CorePlugin),Set(Atom(sbt.plugins.IvyPlugin))), Clause(Atom(sbt.plugins.IvyPlugin),Set(Atom(sbt.plugins.JvmPlugin))), Clause(Atom(sbt.plugins.JvmPlugin),Set(Atom(sbt.plugins.SemanticdbPlugin))), Clause(Atom(sbt.plugins.JvmPlugin),Set(Atom(sbt.plugins.JUnitXmlReportPlugin))), Clause(Atom(sbt.plugins.CorePlugin),Set(Atom(sbt.plugins.Giter8TemplatePlugin))), Clause(Atom(sbt.plugins.JvmPlugin),Set(Atom(sbt.plugins.MiniDependencyTreePlugin)))))
[debug]   :: deduced result: Matched(sbt.plugins.CorePlugin,sbt.plugins.Giter8TemplatePlugin,sbt.plugins.IvyPlugin,sbt.plugins.JvmPlugin,sbt.plugins.MiniDependencyTreePlugin,sbt.plugins.JUnitXmlReportPlugin,sbt.plugins.SemanticdbPlugin)
[debug] Plugins.deducer#function took 1.43157 ms
[info] loading settings for project jobseg from build.sbt ...
[debug]         Load.resolveProject(jobseg) took 2.000284ms
[debug]       Load.loadTransitive: finalizeProject(Project(id jobseg, base: /Users/ishantiwari/IdeaProjects/JobSeg, plugins: List(<none>))) took 3.850464ms
[debug] [Loading] Done in /Users/ishantiwari/IdeaProjects/JobSeg, returning: (jobseg)
[debug]     Load.loadUnit: loadedProjectsRaw took 95.958061ms
[debug]     Load.loadUnit: cleanEvalClasses took 5.353651ms
[debug]   Load.loadUnit(file:/Users/ishantiwari/IdeaProjects/JobSeg/, ...) took 323.040243ms
[debug] Load.apply: load took 324.11603ms
[debug] Load.apply: resolveProjects took 0.0751ms
[debug] Load.apply: finalTransforms took 8.127734ms
[debug] Load.apply: config.delegates took 0.297104ms
[debug] Load.apply: Def.make(settings)... took 85.130181ms
[debug] Load.apply: structureIndex took 25.33453ms
[debug] Load.apply: mkStreams took 0.00182ms
[info] set current project to JobSeg (in build file:/Users/ishantiwari/IdeaProjects/JobSeg/)
[debug] > Exec(sbtPopOnFailure, None, None)
[debug] > Exec(resumeFromFailure, None, None)
[debug] > Exec(notifyUsersAboutShell, None, None)
[debug] > Exec(iflast shell, None, None)
[debug] > Exec(shell, None, None)
[info] sbt server started at local:///Users/ishantiwari/.sbt/1.0/server/a3543a6c188b2d58de83/sock
[info] started sbt server
