[debug] > Exec(early(addDefaultCommands), None, None)
[debug] > Exec(addDefaultCommands, None, None)
[debug] > Exec(early(initialize), None, None)
[debug] > Exec(initialize, None, None)
[debug] > Exec(boot, None, None)
[debug] > Exec(writeSbtVersion, None, None)
[debug] > Exec(reload, None, None)
[debug] > Exec(sbtStashOnFailure, None, None)
[debug] > Exec(onFailure loadFailed, None, None)
[debug] > Exec(loadp, None, None)
[info] welcome to sbt 1.4.6 (Oracle Corporation Java 15.0.1)
[debug]       Load.loadUnit: plugins took 57.00482ms
[debug]       Load.loadUnit: defsScala took 0.242449ms
[debug] [Loading] Scanning directory /Users/ishantiwari/.sbt/1.0/plugins
[debug] [Loading] Found non-root projects 
[debug] [Loading] Done in /Users/ishantiwari/.sbt/1.0/plugins, returning: ()
[debug] deducing auto plugins based on known facts Set(Atom(sbt.plugins.CorePlugin)) and clauses Clauses(List(Clause(Atom(sbt.plugins.JvmPlugin),Set(Atom(sbt.plugins.IvyPlugin))), Clause(Atom(sbt.ScriptedPlugin),Set(Atom(sbt.plugins.JvmPlugin))), Clause(Atom(sbt.plugins.SbtPlugin),Set(Atom(sbt.ScriptedPlugin))), Clause(Atom(sbt.plugins.SemanticdbPlugin),Set(Atom(sbt.plugins.JvmPlugin))), Clause(Atom(sbt.plugins.JUnitXmlReportPlugin),Set(Atom(sbt.plugins.JvmPlugin))), Clause(Atom(sbt.plugins.MiniDependencyTreePlugin),Set(Atom(sbt.plugins.JvmPlugin))), Clause(Atom(sbt.plugins.CorePlugin),Set(Atom(sbt.plugins.IvyPlugin))), Clause(Atom(sbt.plugins.IvyPlugin),Set(Atom(sbt.plugins.JvmPlugin))), Clause(Atom(sbt.plugins.JvmPlugin),Set(Atom(sbt.plugins.SemanticdbPlugin))), Clause(Atom(sbt.plugins.JvmPlugin),Set(Atom(sbt.plugins.JUnitXmlReportPlugin))), Clause(Atom(sbt.plugins.CorePlugin),Set(Atom(sbt.plugins.Giter8TemplatePlugin))), Clause(Atom(sbt.plugins.JvmPlugin),Set(Atom(sbt.plugins.MiniDependencyTreePlugin)))))
[debug]   :: deduced result: Matched(sbt.plugins.CorePlugin,sbt.plugins.Giter8TemplatePlugin,sbt.plugins.IvyPlugin,sbt.plugins.JvmPlugin,sbt.plugins.MiniDependencyTreePlugin,sbt.plugins.JUnitXmlReportPlugin,sbt.plugins.SemanticdbPlugin)
[debug] Plugins.deducer#function took 15.053087 ms
[debug]           Load.resolveProject(global-plugins) took 28.381479ms
[debug]         Load.loadTransitive: finalizeProject(Project(id global-plugins, base: /Users/ishantiwari/.sbt/1.0/plugins, plugins: List(<none>))) took 59.764608ms
[debug] [Loading] Done in /Users/ishantiwari/.sbt/1.0/plugins, returning: (global-plugins)
[debug]       Load.loadUnit: loadedProjectsRaw took 75.566955ms
[debug]       Load.loadUnit: cleanEvalClasses took 0.170828ms
[debug]     Load.loadUnit(file:/Users/ishantiwari/.sbt/1.0/plugins/, ...) took 140.084648ms
[debug]   Load.apply: load took 6165.955274ms
[debug]   Load.apply: resolveProjects took 4.445273ms
[debug]   Load.apply: finalTransforms took 48.959578ms
[debug]   Load.apply: config.delegates took 5.574526ms
[debug]   Load.apply: Def.make(settings)... took 241.633493ms
[debug]   Load.apply: structureIndex took 73.387271ms
[debug]   Load.apply: mkStreams took 0.908374ms
[info] loading global plugins from /Users/ishantiwari/.sbt/1.0/plugins
[debug] Running task... Cancel: Signal, check cycles: false, forcegc: true
[debug] Load.defaultLoad until apply took 7528.555592ms
[debug]           Load.loadUnit: plugins took 16.133094ms
[debug]           Load.loadUnit: defsScala took 0.003519ms
[debug] [Loading] Scanning directory /Users/ishantiwari/IdeaProjects/JobSeg/project
[debug] [Loading] Found non-root projects 
[debug] [Loading] Done in /Users/ishantiwari/IdeaProjects/JobSeg/project, returning: ()
[debug] deducing auto plugins based on known facts Set(Atom(sbt.plugins.CorePlugin)) and clauses Clauses(List(Clause(Atom(sbt.plugins.JvmPlugin),Set(Atom(sbt.plugins.IvyPlugin))), Clause(Atom(sbt.ScriptedPlugin),Set(Atom(sbt.plugins.JvmPlugin))), Clause(Atom(sbt.plugins.SbtPlugin),Set(Atom(sbt.ScriptedPlugin))), Clause(Atom(sbt.plugins.SemanticdbPlugin),Set(Atom(sbt.plugins.JvmPlugin))), Clause(Atom(sbt.plugins.JUnitXmlReportPlugin),Set(Atom(sbt.plugins.JvmPlugin))), Clause(Atom(sbt.plugins.MiniDependencyTreePlugin),Set(Atom(sbt.plugins.JvmPlugin))), Clause(Atom(sbt.plugins.CorePlugin),Set(Atom(sbt.plugins.IvyPlugin))), Clause(Atom(sbt.plugins.IvyPlugin),Set(Atom(sbt.plugins.JvmPlugin))), Clause(Atom(sbt.plugins.JvmPlugin),Set(Atom(sbt.plugins.SemanticdbPlugin))), Clause(Atom(sbt.plugins.JvmPlugin),Set(Atom(sbt.plugins.JUnitXmlReportPlugin))), Clause(Atom(sbt.plugins.CorePlugin),Set(Atom(sbt.plugins.Giter8TemplatePlugin))), Clause(Atom(sbt.plugins.JvmPlugin),Set(Atom(sbt.plugins.MiniDependencyTreePlugin)))))
[debug]   :: deduced result: Matched(sbt.plugins.CorePlugin,sbt.plugins.Giter8TemplatePlugin,sbt.plugins.IvyPlugin,sbt.plugins.JvmPlugin,sbt.plugins.MiniDependencyTreePlugin,sbt.plugins.JUnitXmlReportPlugin,sbt.plugins.SemanticdbPlugin)
[debug] Plugins.deducer#function took 2.099396 ms
[debug]               Load.resolveProject(jobseg-build) took 1.147514ms
[debug]             Load.loadTransitive: finalizeProject(Project(id jobseg-build, base: /Users/ishantiwari/IdeaProjects/JobSeg/project, plugins: List(<none>))) took 3.926045ms
[debug] [Loading] Done in /Users/ishantiwari/IdeaProjects/JobSeg/project, returning: (jobseg-build)
[debug]           Load.loadUnit: loadedProjectsRaw took 6.375829ms
[debug]           Load.loadUnit: cleanEvalClasses took 0.012716ms
[debug]         Load.loadUnit(file:/Users/ishantiwari/IdeaProjects/JobSeg/project/, ...) took 23.096703ms
[debug]       Load.apply: load took 24.264063ms
[debug]       Load.apply: resolveProjects took 0.097978ms
[debug]       Load.apply: finalTransforms took 9.181738ms
[debug]       Load.apply: config.delegates took 0.342895ms
[debug]       Load.apply: Def.make(settings)... took 65.035995ms
[debug]       Load.apply: structureIndex took 20.82449ms
[debug]       Load.apply: mkStreams took 0.002023ms
[info] loading project definition from /Users/ishantiwari/IdeaProjects/JobSeg/project
[debug] Running task... Cancel: Signal, check cycles: false, forcegc: true
[debug]     Load.loadUnit: plugins took 250.642734ms
[debug]     Load.loadUnit: defsScala took 0.006412ms
[debug] [Loading] Scanning directory /Users/ishantiwari/IdeaProjects/JobSeg
[debug]       Load.loadUnit: mkEval took 7.040128ms
[debug] [Loading] Found non-root projects 
[debug] [Loading] Done in /Users/ishantiwari/IdeaProjects/JobSeg, returning: ()
[debug] deducing auto plugins based on known facts Set(Atom(sbt.plugins.CorePlugin)) and clauses Clauses(List(Clause(Atom(sbt.plugins.JvmPlugin),Set(Atom(sbt.plugins.IvyPlugin))), Clause(Atom(sbt.ScriptedPlugin),Set(Atom(sbt.plugins.JvmPlugin))), Clause(Atom(sbt.plugins.SbtPlugin),Set(Atom(sbt.ScriptedPlugin))), Clause(Atom(sbt.plugins.SemanticdbPlugin),Set(Atom(sbt.plugins.JvmPlugin))), Clause(Atom(sbt.plugins.JUnitXmlReportPlugin),Set(Atom(sbt.plugins.JvmPlugin))), Clause(Atom(sbt.plugins.MiniDependencyTreePlugin),Set(Atom(sbt.plugins.JvmPlugin))), Clause(Atom(sbt.plugins.CorePlugin),Set(Atom(sbt.plugins.IvyPlugin))), Clause(Atom(sbt.plugins.IvyPlugin),Set(Atom(sbt.plugins.JvmPlugin))), Clause(Atom(sbt.plugins.JvmPlugin),Set(Atom(sbt.plugins.SemanticdbPlugin))), Clause(Atom(sbt.plugins.JvmPlugin),Set(Atom(sbt.plugins.JUnitXmlReportPlugin))), Clause(Atom(sbt.plugins.CorePlugin),Set(Atom(sbt.plugins.Giter8TemplatePlugin))), Clause(Atom(sbt.plugins.JvmPlugin),Set(Atom(sbt.plugins.MiniDependencyTreePlugin)))))
[debug]   :: deduced result: Matched(sbt.plugins.CorePlugin,sbt.plugins.Giter8TemplatePlugin,sbt.plugins.IvyPlugin,sbt.plugins.JvmPlugin,sbt.plugins.MiniDependencyTreePlugin,sbt.plugins.JUnitXmlReportPlugin,sbt.plugins.SemanticdbPlugin)
[debug] Plugins.deducer#function took 1.044381 ms
[info] loading settings for project jobseg from build.sbt ...
[debug]         Load.resolveProject(jobseg) took 1.632724ms
[debug]       Load.loadTransitive: finalizeProject(Project(id jobseg, base: /Users/ishantiwari/IdeaProjects/JobSeg, plugins: List(<none>))) took 3.038519ms
[debug] [Loading] Done in /Users/ishantiwari/IdeaProjects/JobSeg, returning: (jobseg)
[debug]     Load.loadUnit: loadedProjectsRaw took 1342.829479ms
[debug]     Load.loadUnit: cleanEvalClasses took 5.027913ms
[debug]   Load.loadUnit(file:/Users/ishantiwari/IdeaProjects/JobSeg/, ...) took 1599.556219ms
[debug] Load.apply: load took 1605.420449ms
[debug] Load.apply: resolveProjects took 0.090623ms
[debug] Load.apply: finalTransforms took 6.547542ms
[debug] Load.apply: config.delegates took 0.284985ms
[debug] Load.apply: Def.make(settings)... took 70.465497ms
[debug] Load.apply: structureIndex took 19.198823ms
[debug] Load.apply: mkStreams took 0.001736ms
[info] set current project to JobSeg (in build file:/Users/ishantiwari/IdeaProjects/JobSeg/)
[debug] > Exec(sbtPopOnFailure, None, None)
[debug] > Exec(resumeFromFailure, None, None)
[debug] > Exec(notifyUsersAboutShell, None, None)
[debug] > Exec(iflast shell, None, None)
[debug] > Exec(shell, None, None)
[info] sbt server started at local:///Users/ishantiwari/.sbt/1.0/server/a3543a6c188b2d58de83/sock
[info] started sbt server
