[debug] > Exec(early(addDefaultCommands), None, None)
[debug] > Exec(addDefaultCommands, None, None)
[debug] > Exec(early(initialize), None, None)
[debug] > Exec(initialize, None, None)
[debug] > Exec(boot, None, None)
[debug] > Exec(writeSbtVersion, None, None)
[debug] > Exec(reload, None, None)
[debug] > Exec(sbtStashOnFailure, None, None)
[debug] > Exec(onFailure loadFailed, None, None)
[debug] > Exec(loadp, None, None)
[info] welcome to sbt 1.4.6 (Oracle Corporation Java 15.0.1)
[debug]       Load.loadUnit: plugins took 65.65357ms
[debug]       Load.loadUnit: defsScala took 0.338808ms
[debug] [Loading] Scanning directory /Users/ishantiwari/.sbt/1.0/plugins
[debug] [Loading] Found non-root projects 
[debug] [Loading] Done in /Users/ishantiwari/.sbt/1.0/plugins, returning: ()
[debug] deducing auto plugins based on known facts Set(Atom(sbt.plugins.CorePlugin)) and clauses Clauses(List(Clause(Atom(sbt.plugins.JvmPlugin),Set(Atom(sbt.plugins.IvyPlugin))), Clause(Atom(sbt.ScriptedPlugin),Set(Atom(sbt.plugins.JvmPlugin))), Clause(Atom(sbt.plugins.SbtPlugin),Set(Atom(sbt.ScriptedPlugin))), Clause(Atom(sbt.plugins.SemanticdbPlugin),Set(Atom(sbt.plugins.JvmPlugin))), Clause(Atom(sbt.plugins.JUnitXmlReportPlugin),Set(Atom(sbt.plugins.JvmPlugin))), Clause(Atom(sbt.plugins.MiniDependencyTreePlugin),Set(Atom(sbt.plugins.JvmPlugin))), Clause(Atom(sbt.plugins.CorePlugin),Set(Atom(sbt.plugins.IvyPlugin))), Clause(Atom(sbt.plugins.IvyPlugin),Set(Atom(sbt.plugins.JvmPlugin))), Clause(Atom(sbt.plugins.JvmPlugin),Set(Atom(sbt.plugins.SemanticdbPlugin))), Clause(Atom(sbt.plugins.JvmPlugin),Set(Atom(sbt.plugins.JUnitXmlReportPlugin))), Clause(Atom(sbt.plugins.CorePlugin),Set(Atom(sbt.plugins.Giter8TemplatePlugin))), Clause(Atom(sbt.plugins.JvmPlugin),Set(Atom(sbt.plugins.MiniDependencyTreePlugin)))))
[debug]   :: deduced result: Matched(sbt.plugins.CorePlugin,sbt.plugins.Giter8TemplatePlugin,sbt.plugins.IvyPlugin,sbt.plugins.JvmPlugin,sbt.plugins.MiniDependencyTreePlugin,sbt.plugins.JUnitXmlReportPlugin,sbt.plugins.SemanticdbPlugin)
[debug] Plugins.deducer#function took 15.373824 ms
[debug]           Load.resolveProject(global-plugins) took 32.622061ms
[debug]         Load.loadTransitive: finalizeProject(Project(id global-plugins, base: /Users/ishantiwari/.sbt/1.0/plugins, plugins: List(<none>))) took 65.866219ms
[debug] [Loading] Done in /Users/ishantiwari/.sbt/1.0/plugins, returning: (global-plugins)
[debug]       Load.loadUnit: loadedProjectsRaw took 81.853401ms
[debug]       Load.loadUnit: cleanEvalClasses took 0.225812ms
[debug]     Load.loadUnit(file:/Users/ishantiwari/.sbt/1.0/plugins/, ...) took 155.66707ms
[debug]   Load.apply: load took 5327.882477ms
[debug]   Load.apply: resolveProjects took 4.551338ms
[debug]   Load.apply: finalTransforms took 45.6349ms
[debug]   Load.apply: config.delegates took 5.812846ms
[debug]   Load.apply: Def.make(settings)... took 233.848192ms
[debug]   Load.apply: structureIndex took 89.868021ms
[debug]   Load.apply: mkStreams took 1.071032ms
[info] loading global plugins from /Users/ishantiwari/.sbt/1.0/plugins
[debug] Running task... Cancel: Signal, check cycles: false, forcegc: true
[debug] Load.defaultLoad until apply took 6792.212914ms
[debug]           Load.loadUnit: plugins took 15.447057ms
[debug]           Load.loadUnit: defsScala took 0.003487ms
[debug] [Loading] Scanning directory /Users/ishantiwari/IdeaProjects/JobSeg/project
[debug] [Loading] Found non-root projects 
[debug] [Loading] Done in /Users/ishantiwari/IdeaProjects/JobSeg/project, returning: ()
[debug] deducing auto plugins based on known facts Set(Atom(sbt.plugins.CorePlugin)) and clauses Clauses(List(Clause(Atom(sbt.plugins.JvmPlugin),Set(Atom(sbt.plugins.IvyPlugin))), Clause(Atom(sbt.ScriptedPlugin),Set(Atom(sbt.plugins.JvmPlugin))), Clause(Atom(sbt.plugins.SbtPlugin),Set(Atom(sbt.ScriptedPlugin))), Clause(Atom(sbt.plugins.SemanticdbPlugin),Set(Atom(sbt.plugins.JvmPlugin))), Clause(Atom(sbt.plugins.JUnitXmlReportPlugin),Set(Atom(sbt.plugins.JvmPlugin))), Clause(Atom(sbt.plugins.MiniDependencyTreePlugin),Set(Atom(sbt.plugins.JvmPlugin))), Clause(Atom(sbt.plugins.CorePlugin),Set(Atom(sbt.plugins.IvyPlugin))), Clause(Atom(sbt.plugins.IvyPlugin),Set(Atom(sbt.plugins.JvmPlugin))), Clause(Atom(sbt.plugins.JvmPlugin),Set(Atom(sbt.plugins.SemanticdbPlugin))), Clause(Atom(sbt.plugins.JvmPlugin),Set(Atom(sbt.plugins.JUnitXmlReportPlugin))), Clause(Atom(sbt.plugins.CorePlugin),Set(Atom(sbt.plugins.Giter8TemplatePlugin))), Clause(Atom(sbt.plugins.JvmPlugin),Set(Atom(sbt.plugins.MiniDependencyTreePlugin)))))
[debug]   :: deduced result: Matched(sbt.plugins.CorePlugin,sbt.plugins.Giter8TemplatePlugin,sbt.plugins.IvyPlugin,sbt.plugins.JvmPlugin,sbt.plugins.MiniDependencyTreePlugin,sbt.plugins.JUnitXmlReportPlugin,sbt.plugins.SemanticdbPlugin)
[debug] Plugins.deducer#function took 1.846144 ms
[debug]               Load.resolveProject(jobseg-build) took 1.013647ms
[debug]             Load.loadTransitive: finalizeProject(Project(id jobseg-build, base: /Users/ishantiwari/IdeaProjects/JobSeg/project, plugins: List(<none>))) took 3.285884ms
[debug] [Loading] Done in /Users/ishantiwari/IdeaProjects/JobSeg/project, returning: (jobseg-build)
[debug]           Load.loadUnit: loadedProjectsRaw took 4.751909ms
[debug]           Load.loadUnit: cleanEvalClasses took 0.010843ms
[debug]         Load.loadUnit(file:/Users/ishantiwari/IdeaProjects/JobSeg/project/, ...) took 20.732412ms
[debug]       Load.apply: load took 21.705696ms
[debug]       Load.apply: resolveProjects took 0.077974ms
[debug]       Load.apply: finalTransforms took 10.618023ms
[debug]       Load.apply: config.delegates took 0.324955ms
[debug]       Load.apply: Def.make(settings)... took 70.491771ms
[debug]       Load.apply: structureIndex took 27.336988ms
[debug]       Load.apply: mkStreams took 0.001902ms
[info] loading project definition from /Users/ishantiwari/IdeaProjects/JobSeg/project
[debug] Running task... Cancel: Signal, check cycles: false, forcegc: true
[debug]     Load.loadUnit: plugins took 243.459132ms
[debug]     Load.loadUnit: defsScala took 0.002541ms
[debug] [Loading] Scanning directory /Users/ishantiwari/IdeaProjects/JobSeg
[debug]       Load.loadUnit: mkEval took 3.788895ms
[debug] [Loading] Found non-root projects 
[debug] [Loading] Done in /Users/ishantiwari/IdeaProjects/JobSeg, returning: ()
[debug] deducing auto plugins based on known facts Set(Atom(sbt.plugins.CorePlugin)) and clauses Clauses(List(Clause(Atom(sbt.plugins.JvmPlugin),Set(Atom(sbt.plugins.IvyPlugin))), Clause(Atom(sbt.ScriptedPlugin),Set(Atom(sbt.plugins.JvmPlugin))), Clause(Atom(sbt.plugins.SbtPlugin),Set(Atom(sbt.ScriptedPlugin))), Clause(Atom(sbt.plugins.SemanticdbPlugin),Set(Atom(sbt.plugins.JvmPlugin))), Clause(Atom(sbt.plugins.JUnitXmlReportPlugin),Set(Atom(sbt.plugins.JvmPlugin))), Clause(Atom(sbt.plugins.MiniDependencyTreePlugin),Set(Atom(sbt.plugins.JvmPlugin))), Clause(Atom(sbt.plugins.CorePlugin),Set(Atom(sbt.plugins.IvyPlugin))), Clause(Atom(sbt.plugins.IvyPlugin),Set(Atom(sbt.plugins.JvmPlugin))), Clause(Atom(sbt.plugins.JvmPlugin),Set(Atom(sbt.plugins.SemanticdbPlugin))), Clause(Atom(sbt.plugins.JvmPlugin),Set(Atom(sbt.plugins.JUnitXmlReportPlugin))), Clause(Atom(sbt.plugins.CorePlugin),Set(Atom(sbt.plugins.Giter8TemplatePlugin))), Clause(Atom(sbt.plugins.JvmPlugin),Set(Atom(sbt.plugins.MiniDependencyTreePlugin)))))
[debug]   :: deduced result: Matched(sbt.plugins.CorePlugin,sbt.plugins.Giter8TemplatePlugin,sbt.plugins.IvyPlugin,sbt.plugins.JvmPlugin,sbt.plugins.MiniDependencyTreePlugin,sbt.plugins.JUnitXmlReportPlugin,sbt.plugins.SemanticdbPlugin)
[debug] Plugins.deducer#function took 1.21545 ms
[info] loading settings for project jobseg from build.sbt ...
[debug]         Load.resolveProject(jobseg) took 1.768815ms
[debug]       Load.loadTransitive: finalizeProject(Project(id jobseg, base: /Users/ishantiwari/IdeaProjects/JobSeg, plugins: List(<none>))) took 3.374811ms
[debug] [Loading] Done in /Users/ishantiwari/IdeaProjects/JobSeg, returning: (jobseg)
[debug]     Load.loadUnit: loadedProjectsRaw took 1492.954852ms
[debug]     Load.loadUnit: cleanEvalClasses took 5.52022ms
[debug]   Load.loadUnit(file:/Users/ishantiwari/IdeaProjects/JobSeg/, ...) took 1742.650455ms
[debug] Load.apply: load took 1743.922125ms
[debug] Load.apply: resolveProjects took 0.086101ms
[debug] Load.apply: finalTransforms took 7.436869ms
[debug] Load.apply: config.delegates took 0.292607ms
[debug] Load.apply: Def.make(settings)... took 71.90892ms
[debug] Load.apply: structureIndex took 18.57444ms
[debug] Load.apply: mkStreams took 0.001663ms
[info] set current project to JobSeg (in build file:/Users/ishantiwari/IdeaProjects/JobSeg/)
[debug] > Exec(sbtPopOnFailure, None, None)
[debug] > Exec(resumeFromFailure, None, None)
[debug] > Exec(notifyUsersAboutShell, None, None)
[debug] > Exec(iflast shell, None, None)
[debug] > Exec(shell, None, None)
[info] sbt server started at local:///Users/ishantiwari/.sbt/1.0/server/a3543a6c188b2d58de83/sock
[info] started sbt server
