[debug] > Exec(early(addDefaultCommands), None, None)
[debug] > Exec(addDefaultCommands, None, None)
[debug] > Exec(early(initialize), None, None)
[debug] > Exec(initialize, None, None)
[debug] > Exec(boot, None, None)
[debug] > Exec(writeSbtVersion, None, None)
[debug] > Exec(reload, None, None)
[debug] > Exec(sbtStashOnFailure, None, None)
[debug] > Exec(onFailure loadFailed, None, None)
[debug] > Exec(loadp, None, None)
[info] welcome to sbt 1.4.6 (Oracle Corporation Java 15.0.1)
[debug]       Load.loadUnit: plugins took 51.957125ms
[debug]       Load.loadUnit: defsScala took 0.202766ms
[debug] [Loading] Scanning directory /Users/ishantiwari/.sbt/1.0/plugins
[debug] [Loading] Found non-root projects 
[debug] [Loading] Done in /Users/ishantiwari/.sbt/1.0/plugins, returning: ()
[debug] deducing auto plugins based on known facts Set(Atom(sbt.plugins.CorePlugin)) and clauses Clauses(List(Clause(Atom(sbt.plugins.JvmPlugin),Set(Atom(sbt.plugins.IvyPlugin))), Clause(Atom(sbt.ScriptedPlugin),Set(Atom(sbt.plugins.JvmPlugin))), Clause(Atom(sbt.plugins.SbtPlugin),Set(Atom(sbt.ScriptedPlugin))), Clause(Atom(sbt.plugins.SemanticdbPlugin),Set(Atom(sbt.plugins.JvmPlugin))), Clause(Atom(sbt.plugins.JUnitXmlReportPlugin),Set(Atom(sbt.plugins.JvmPlugin))), Clause(Atom(sbt.plugins.MiniDependencyTreePlugin),Set(Atom(sbt.plugins.JvmPlugin))), Clause(Atom(sbt.plugins.CorePlugin),Set(Atom(sbt.plugins.IvyPlugin))), Clause(Atom(sbt.plugins.IvyPlugin),Set(Atom(sbt.plugins.JvmPlugin))), Clause(Atom(sbt.plugins.JvmPlugin),Set(Atom(sbt.plugins.SemanticdbPlugin))), Clause(Atom(sbt.plugins.JvmPlugin),Set(Atom(sbt.plugins.JUnitXmlReportPlugin))), Clause(Atom(sbt.plugins.CorePlugin),Set(Atom(sbt.plugins.Giter8TemplatePlugin))), Clause(Atom(sbt.plugins.JvmPlugin),Set(Atom(sbt.plugins.MiniDependencyTreePlugin)))))
[debug]   :: deduced result: Matched(sbt.plugins.CorePlugin,sbt.plugins.Giter8TemplatePlugin,sbt.plugins.IvyPlugin,sbt.plugins.JvmPlugin,sbt.plugins.MiniDependencyTreePlugin,sbt.plugins.JUnitXmlReportPlugin,sbt.plugins.SemanticdbPlugin)
[debug] Plugins.deducer#function took 13.683388 ms
[debug]           Load.resolveProject(global-plugins) took 28.306584ms
[debug]         Load.loadTransitive: finalizeProject(Project(id global-plugins, base: /Users/ishantiwari/.sbt/1.0/plugins, plugins: List(<none>))) took 57.539999ms
[debug] [Loading] Done in /Users/ishantiwari/.sbt/1.0/plugins, returning: (global-plugins)
[debug]       Load.loadUnit: loadedProjectsRaw took 72.859181ms
[debug]       Load.loadUnit: cleanEvalClasses took 0.186221ms
[debug]     Load.loadUnit(file:/Users/ishantiwari/.sbt/1.0/plugins/, ...) took 131.06683ms
[debug]   Load.apply: load took 5435.894439ms
[debug]   Load.apply: resolveProjects took 5.612161ms
[debug]   Load.apply: finalTransforms took 47.751204ms
[debug]   Load.apply: config.delegates took 5.365668ms
[debug]   Load.apply: Def.make(settings)... took 212.73262ms
[debug]   Load.apply: structureIndex took 57.183648ms
[debug]   Load.apply: mkStreams took 0.924889ms
[info] loading global plugins from /Users/ishantiwari/.sbt/1.0/plugins
[debug] Running task... Cancel: Signal, check cycles: false, forcegc: true
[debug] Load.defaultLoad until apply took 6712.296701ms
[debug]           Load.loadUnit: plugins took 12.991837ms
[debug]           Load.loadUnit: defsScala took 0.003295ms
[debug] [Loading] Scanning directory /Users/ishantiwari/IdeaProjects/JobSeg/project
[debug] [Loading] Found non-root projects 
[debug] [Loading] Done in /Users/ishantiwari/IdeaProjects/JobSeg/project, returning: ()
[debug] deducing auto plugins based on known facts Set(Atom(sbt.plugins.CorePlugin)) and clauses Clauses(List(Clause(Atom(sbt.plugins.JvmPlugin),Set(Atom(sbt.plugins.IvyPlugin))), Clause(Atom(sbt.ScriptedPlugin),Set(Atom(sbt.plugins.JvmPlugin))), Clause(Atom(sbt.plugins.SbtPlugin),Set(Atom(sbt.ScriptedPlugin))), Clause(Atom(sbt.plugins.SemanticdbPlugin),Set(Atom(sbt.plugins.JvmPlugin))), Clause(Atom(sbt.plugins.JUnitXmlReportPlugin),Set(Atom(sbt.plugins.JvmPlugin))), Clause(Atom(sbt.plugins.MiniDependencyTreePlugin),Set(Atom(sbt.plugins.JvmPlugin))), Clause(Atom(sbt.plugins.CorePlugin),Set(Atom(sbt.plugins.IvyPlugin))), Clause(Atom(sbt.plugins.IvyPlugin),Set(Atom(sbt.plugins.JvmPlugin))), Clause(Atom(sbt.plugins.JvmPlugin),Set(Atom(sbt.plugins.SemanticdbPlugin))), Clause(Atom(sbt.plugins.JvmPlugin),Set(Atom(sbt.plugins.JUnitXmlReportPlugin))), Clause(Atom(sbt.plugins.CorePlugin),Set(Atom(sbt.plugins.Giter8TemplatePlugin))), Clause(Atom(sbt.plugins.JvmPlugin),Set(Atom(sbt.plugins.MiniDependencyTreePlugin)))))
[debug]   :: deduced result: Matched(sbt.plugins.CorePlugin,sbt.plugins.Giter8TemplatePlugin,sbt.plugins.IvyPlugin,sbt.plugins.JvmPlugin,sbt.plugins.MiniDependencyTreePlugin,sbt.plugins.JUnitXmlReportPlugin,sbt.plugins.SemanticdbPlugin)
[debug] Plugins.deducer#function took 1.554632 ms
[debug]               Load.resolveProject(jobseg-build) took 1.105403ms
[debug]             Load.loadTransitive: finalizeProject(Project(id jobseg-build, base: /Users/ishantiwari/IdeaProjects/JobSeg/project, plugins: List(<none>))) took 3.092752ms
[debug] [Loading] Done in /Users/ishantiwari/IdeaProjects/JobSeg/project, returning: (jobseg-build)
[debug]           Load.loadUnit: loadedProjectsRaw took 4.530111ms
[debug]           Load.loadUnit: cleanEvalClasses took 0.010331ms
[debug]         Load.loadUnit(file:/Users/ishantiwari/IdeaProjects/JobSeg/project/, ...) took 18.050787ms
[debug]       Load.apply: load took 19.028682ms
[debug]       Load.apply: resolveProjects took 0.080626ms
[debug]       Load.apply: finalTransforms took 9.823972ms
[debug]       Load.apply: config.delegates took 0.292632ms
[debug]       Load.apply: Def.make(settings)... took 58.797992ms
[debug]       Load.apply: structureIndex took 20.964178ms
[debug]       Load.apply: mkStreams took 0.002167ms
[info] loading project definition from /Users/ishantiwari/IdeaProjects/JobSeg/project
[debug] Running task... Cancel: Signal, check cycles: false, forcegc: true
[debug]     Load.loadUnit: plugins took 243.086828ms
[debug]     Load.loadUnit: defsScala took 0.012595ms
[debug] [Loading] Scanning directory /Users/ishantiwari/IdeaProjects/JobSeg
[debug]       Load.loadUnit: mkEval took 6.725762ms
[debug] [Loading] Found non-root projects 
[debug] [Loading] Done in /Users/ishantiwari/IdeaProjects/JobSeg, returning: ()
[debug] deducing auto plugins based on known facts Set(Atom(sbt.plugins.CorePlugin)) and clauses Clauses(List(Clause(Atom(sbt.plugins.JvmPlugin),Set(Atom(sbt.plugins.IvyPlugin))), Clause(Atom(sbt.ScriptedPlugin),Set(Atom(sbt.plugins.JvmPlugin))), Clause(Atom(sbt.plugins.SbtPlugin),Set(Atom(sbt.ScriptedPlugin))), Clause(Atom(sbt.plugins.SemanticdbPlugin),Set(Atom(sbt.plugins.JvmPlugin))), Clause(Atom(sbt.plugins.JUnitXmlReportPlugin),Set(Atom(sbt.plugins.JvmPlugin))), Clause(Atom(sbt.plugins.MiniDependencyTreePlugin),Set(Atom(sbt.plugins.JvmPlugin))), Clause(Atom(sbt.plugins.CorePlugin),Set(Atom(sbt.plugins.IvyPlugin))), Clause(Atom(sbt.plugins.IvyPlugin),Set(Atom(sbt.plugins.JvmPlugin))), Clause(Atom(sbt.plugins.JvmPlugin),Set(Atom(sbt.plugins.SemanticdbPlugin))), Clause(Atom(sbt.plugins.JvmPlugin),Set(Atom(sbt.plugins.JUnitXmlReportPlugin))), Clause(Atom(sbt.plugins.CorePlugin),Set(Atom(sbt.plugins.Giter8TemplatePlugin))), Clause(Atom(sbt.plugins.JvmPlugin),Set(Atom(sbt.plugins.MiniDependencyTreePlugin)))))
[debug]   :: deduced result: Matched(sbt.plugins.CorePlugin,sbt.plugins.Giter8TemplatePlugin,sbt.plugins.IvyPlugin,sbt.plugins.JvmPlugin,sbt.plugins.MiniDependencyTreePlugin,sbt.plugins.JUnitXmlReportPlugin,sbt.plugins.SemanticdbPlugin)
[debug] Plugins.deducer#function took 1.448957 ms
[info] loading settings for project jobseg from build.sbt ...
[debug]         Load.resolveProject(jobseg) took 2.314192ms
[debug]       Load.loadTransitive: finalizeProject(Project(id jobseg, base: /Users/ishantiwari/IdeaProjects/JobSeg, plugins: List(<none>))) took 4.21535ms
[debug] [Loading] Done in /Users/ishantiwari/IdeaProjects/JobSeg, returning: (jobseg)
[debug]     Load.loadUnit: loadedProjectsRaw took 133.95579ms
[debug]     Load.loadUnit: cleanEvalClasses took 5.96728ms
[debug]   Load.loadUnit(file:/Users/ishantiwari/IdeaProjects/JobSeg/, ...) took 384.065767ms
[debug] Load.apply: load took 385.310895ms
[debug] Load.apply: resolveProjects took 0.116702ms
[debug] Load.apply: finalTransforms took 8.898457ms
[debug] Load.apply: config.delegates took 0.338892ms
[debug] Load.apply: Def.make(settings)... took 89.974884ms
[debug] Load.apply: structureIndex took 30.027936ms
[debug] Load.apply: mkStreams took 0.004062ms
[info] set current project to JobSeg (in build file:/Users/ishantiwari/IdeaProjects/JobSeg/)
[debug] > Exec(sbtPopOnFailure, None, None)
[debug] > Exec(resumeFromFailure, None, None)
[debug] > Exec(notifyUsersAboutShell, None, None)
[debug] > Exec(iflast shell, None, None)
[debug] > Exec(shell, None, None)
[info] sbt server started at local:///Users/ishantiwari/.sbt/1.0/server/a3543a6c188b2d58de83/sock
[info] started sbt server
