[debug] > Exec(early(addDefaultCommands), None, None)
[debug] > Exec(addDefaultCommands, None, None)
[debug] > Exec(early(initialize), None, None)
[debug] > Exec(initialize, None, None)
[debug] > Exec(boot, None, None)
[debug] > Exec(writeSbtVersion, None, None)
[debug] > Exec(reload, None, None)
[debug] > Exec(sbtStashOnFailure, None, None)
[debug] > Exec(onFailure loadFailed, None, None)
[debug] > Exec(loadp, None, None)
[info] welcome to sbt 1.4.6 (Oracle Corporation Java 15.0.1)
[debug]       Load.loadUnit: plugins took 81.833687ms
[debug]       Load.loadUnit: defsScala took 0.35891ms
[debug] [Loading] Scanning directory /Users/ishantiwari/.sbt/1.0/plugins
[debug] [Loading] Found non-root projects 
[debug] [Loading] Done in /Users/ishantiwari/.sbt/1.0/plugins, returning: ()
[debug] deducing auto plugins based on known facts Set(Atom(sbt.plugins.CorePlugin)) and clauses Clauses(List(Clause(Atom(sbt.plugins.JvmPlugin),Set(Atom(sbt.plugins.IvyPlugin))), Clause(Atom(sbt.ScriptedPlugin),Set(Atom(sbt.plugins.JvmPlugin))), Clause(Atom(sbt.plugins.SbtPlugin),Set(Atom(sbt.ScriptedPlugin))), Clause(Atom(sbt.plugins.SemanticdbPlugin),Set(Atom(sbt.plugins.JvmPlugin))), Clause(Atom(sbt.plugins.JUnitXmlReportPlugin),Set(Atom(sbt.plugins.JvmPlugin))), Clause(Atom(sbt.plugins.MiniDependencyTreePlugin),Set(Atom(sbt.plugins.JvmPlugin))), Clause(Atom(sbt.plugins.CorePlugin),Set(Atom(sbt.plugins.IvyPlugin))), Clause(Atom(sbt.plugins.IvyPlugin),Set(Atom(sbt.plugins.JvmPlugin))), Clause(Atom(sbt.plugins.JvmPlugin),Set(Atom(sbt.plugins.SemanticdbPlugin))), Clause(Atom(sbt.plugins.JvmPlugin),Set(Atom(sbt.plugins.JUnitXmlReportPlugin))), Clause(Atom(sbt.plugins.CorePlugin),Set(Atom(sbt.plugins.Giter8TemplatePlugin))), Clause(Atom(sbt.plugins.JvmPlugin),Set(Atom(sbt.plugins.MiniDependencyTreePlugin)))))
[debug]   :: deduced result: Matched(sbt.plugins.CorePlugin,sbt.plugins.Giter8TemplatePlugin,sbt.plugins.IvyPlugin,sbt.plugins.JvmPlugin,sbt.plugins.MiniDependencyTreePlugin,sbt.plugins.JUnitXmlReportPlugin,sbt.plugins.SemanticdbPlugin)
[debug] Plugins.deducer#function took 19.510376 ms
[debug]           Load.resolveProject(global-plugins) took 37.642265ms
[debug]         Load.loadTransitive: finalizeProject(Project(id global-plugins, base: /Users/ishantiwari/.sbt/1.0/plugins, plugins: List(<none>))) took 78.954602ms
[debug] [Loading] Done in /Users/ishantiwari/.sbt/1.0/plugins, returning: (global-plugins)
[debug]       Load.loadUnit: loadedProjectsRaw took 98.528478ms
[debug]       Load.loadUnit: cleanEvalClasses took 0.432456ms
[debug]     Load.loadUnit(file:/Users/ishantiwari/.sbt/1.0/plugins/, ...) took 190.302058ms
[debug]   Load.apply: load took 5557.354736ms
[debug]   Load.apply: resolveProjects took 4.628169ms
[debug]   Load.apply: finalTransforms took 47.984052ms
[debug]   Load.apply: config.delegates took 4.910439ms
[debug]   Load.apply: Def.make(settings)... took 223.365065ms
[debug]   Load.apply: structureIndex took 81.409534ms
[debug]   Load.apply: mkStreams took 1.102696ms
[info] loading global plugins from /Users/ishantiwari/.sbt/1.0/plugins
[debug] Running task... Cancel: Signal, check cycles: false, forcegc: true
[debug] Load.defaultLoad until apply took 6996.353942ms
[debug]           Load.loadUnit: plugins took 13.022354ms
[debug]           Load.loadUnit: defsScala took 0.003156ms
[debug] [Loading] Scanning directory /Users/ishantiwari/IdeaProjects/JobSeg/project
[debug] [Loading] Found non-root projects 
[debug] [Loading] Done in /Users/ishantiwari/IdeaProjects/JobSeg/project, returning: ()
[debug] deducing auto plugins based on known facts Set(Atom(sbt.plugins.CorePlugin)) and clauses Clauses(List(Clause(Atom(sbt.plugins.JvmPlugin),Set(Atom(sbt.plugins.IvyPlugin))), Clause(Atom(sbt.ScriptedPlugin),Set(Atom(sbt.plugins.JvmPlugin))), Clause(Atom(sbt.plugins.SbtPlugin),Set(Atom(sbt.ScriptedPlugin))), Clause(Atom(sbt.plugins.SemanticdbPlugin),Set(Atom(sbt.plugins.JvmPlugin))), Clause(Atom(sbt.plugins.JUnitXmlReportPlugin),Set(Atom(sbt.plugins.JvmPlugin))), Clause(Atom(sbt.plugins.MiniDependencyTreePlugin),Set(Atom(sbt.plugins.JvmPlugin))), Clause(Atom(sbt.plugins.CorePlugin),Set(Atom(sbt.plugins.IvyPlugin))), Clause(Atom(sbt.plugins.IvyPlugin),Set(Atom(sbt.plugins.JvmPlugin))), Clause(Atom(sbt.plugins.JvmPlugin),Set(Atom(sbt.plugins.SemanticdbPlugin))), Clause(Atom(sbt.plugins.JvmPlugin),Set(Atom(sbt.plugins.JUnitXmlReportPlugin))), Clause(Atom(sbt.plugins.CorePlugin),Set(Atom(sbt.plugins.Giter8TemplatePlugin))), Clause(Atom(sbt.plugins.JvmPlugin),Set(Atom(sbt.plugins.MiniDependencyTreePlugin)))))
[debug]   :: deduced result: Matched(sbt.plugins.CorePlugin,sbt.plugins.Giter8TemplatePlugin,sbt.plugins.IvyPlugin,sbt.plugins.JvmPlugin,sbt.plugins.MiniDependencyTreePlugin,sbt.plugins.JUnitXmlReportPlugin,sbt.plugins.SemanticdbPlugin)
[debug] Plugins.deducer#function took 1.547492 ms
[debug]               Load.resolveProject(jobseg-build) took 0.932342ms
[debug]             Load.loadTransitive: finalizeProject(Project(id jobseg-build, base: /Users/ishantiwari/IdeaProjects/JobSeg/project, plugins: List(<none>))) took 2.89563ms
[debug] [Loading] Done in /Users/ishantiwari/IdeaProjects/JobSeg/project, returning: (jobseg-build)
[debug]           Load.loadUnit: loadedProjectsRaw took 4.299341ms
[debug]           Load.loadUnit: cleanEvalClasses took 0.007397ms
[debug]         Load.loadUnit(file:/Users/ishantiwari/IdeaProjects/JobSeg/project/, ...) took 17.830565ms
[debug]       Load.apply: load took 18.871827ms
[debug]       Load.apply: resolveProjects took 0.077319ms
[debug]       Load.apply: finalTransforms took 9.449294ms
[debug]       Load.apply: config.delegates took 0.333545ms
[debug]       Load.apply: Def.make(settings)... took 67.549715ms
[debug]       Load.apply: structureIndex took 22.944588ms
[debug]       Load.apply: mkStreams took 0.002262ms
[info] loading project definition from /Users/ishantiwari/IdeaProjects/JobSeg/project
[debug] Running task... Cancel: Signal, check cycles: false, forcegc: true
[debug]     Load.loadUnit: plugins took 237.243075ms
[debug]     Load.loadUnit: defsScala took 0.004487ms
[debug] [Loading] Scanning directory /Users/ishantiwari/IdeaProjects/JobSeg
[debug]       Load.loadUnit: mkEval took 6.080824ms
[debug] [Loading] Found non-root projects 
[debug] [Loading] Done in /Users/ishantiwari/IdeaProjects/JobSeg, returning: ()
[debug] deducing auto plugins based on known facts Set(Atom(sbt.plugins.CorePlugin)) and clauses Clauses(List(Clause(Atom(sbt.plugins.JvmPlugin),Set(Atom(sbt.plugins.IvyPlugin))), Clause(Atom(sbt.ScriptedPlugin),Set(Atom(sbt.plugins.JvmPlugin))), Clause(Atom(sbt.plugins.SbtPlugin),Set(Atom(sbt.ScriptedPlugin))), Clause(Atom(sbt.plugins.SemanticdbPlugin),Set(Atom(sbt.plugins.JvmPlugin))), Clause(Atom(sbt.plugins.JUnitXmlReportPlugin),Set(Atom(sbt.plugins.JvmPlugin))), Clause(Atom(sbt.plugins.MiniDependencyTreePlugin),Set(Atom(sbt.plugins.JvmPlugin))), Clause(Atom(sbt.plugins.CorePlugin),Set(Atom(sbt.plugins.IvyPlugin))), Clause(Atom(sbt.plugins.IvyPlugin),Set(Atom(sbt.plugins.JvmPlugin))), Clause(Atom(sbt.plugins.JvmPlugin),Set(Atom(sbt.plugins.SemanticdbPlugin))), Clause(Atom(sbt.plugins.JvmPlugin),Set(Atom(sbt.plugins.JUnitXmlReportPlugin))), Clause(Atom(sbt.plugins.CorePlugin),Set(Atom(sbt.plugins.Giter8TemplatePlugin))), Clause(Atom(sbt.plugins.JvmPlugin),Set(Atom(sbt.plugins.MiniDependencyTreePlugin)))))
[debug]   :: deduced result: Matched(sbt.plugins.CorePlugin,sbt.plugins.Giter8TemplatePlugin,sbt.plugins.IvyPlugin,sbt.plugins.JvmPlugin,sbt.plugins.MiniDependencyTreePlugin,sbt.plugins.JUnitXmlReportPlugin,sbt.plugins.SemanticdbPlugin)
[debug] Plugins.deducer#function took 0.994798 ms
[info] loading settings for project jobseg from build.sbt ...
[debug]         Load.resolveProject(jobseg) took 1.689006ms
[debug]       Load.loadTransitive: finalizeProject(Project(id jobseg, base: /Users/ishantiwari/IdeaProjects/JobSeg, plugins: List(<none>))) took 3.056512ms
[debug] [Loading] Done in /Users/ishantiwari/IdeaProjects/JobSeg, returning: (jobseg)
[debug]     Load.loadUnit: loadedProjectsRaw took 1457.41726ms
[debug]     Load.loadUnit: cleanEvalClasses took 5.724309ms
[debug]   Load.loadUnit(file:/Users/ishantiwari/IdeaProjects/JobSeg/, ...) took 1701.163239ms
[debug] Load.apply: load took 1702.171922ms
[debug] Load.apply: resolveProjects took 0.071046ms
[debug] Load.apply: finalTransforms took 5.896449ms
[debug] Load.apply: config.delegates took 0.264454ms
[debug] Load.apply: Def.make(settings)... took 60.774231ms
[debug] Load.apply: structureIndex took 28.533421ms
[debug] Load.apply: mkStreams took 0.00195ms
[info] set current project to JobSeg (in build file:/Users/ishantiwari/IdeaProjects/JobSeg/)
[debug] > Exec(sbtPopOnFailure, None, None)
[debug] > Exec(resumeFromFailure, None, None)
[debug] > Exec(notifyUsersAboutShell, None, None)
[debug] > Exec(iflast shell, None, None)
[debug] > Exec(shell, None, None)
[info] sbt server started at local:///Users/ishantiwari/.sbt/1.0/server/a3543a6c188b2d58de83/sock
[info] started sbt server
